[0716/215819.953:ERROR:process_memory_win.cc(73)] ReadMemory at 0x2000a3f07b0 of 72 bytes failed: Only part of a ReadProcessMemory or WriteProcessMemory request was completed. (0x12B)
[0716/215819.958:WARNING:pe_image_annotations_reader.cc(134)] could not read annotations list object in C:\Program Files (x86)\Google\Chrome\Application\83.0.4103.97\chrome_elf.dll
[0716/215819.959:ERROR:process_memory_win.cc(73)] ReadMemory at 0x2000a245af0 of 72 bytes failed: Only part of a ReadProcessMemory or WriteProcessMemory request was completed. (0x12B)
[0716/215819.959:WARNING:pe_image_annotations_reader.cc(134)] could not read annotations list object in C:\Program Files (x86)\Google\Chrome\Application\83.0.4103.97\chrome.dll
[0716/215819.959:ERROR:process_memory_win.cc(73)] ReadMemory at 0x2000a740000 of 64 bytes failed: Only part of a ReadProcessMemory or WriteProcessMemory request was completed. (0x12B)
[0716/215819.959:WARNING:pe_image_reader.cc(340)] could not read dos header from C:\WINDOWS\System32\combase.dll
[0716/215819.963:ERROR:process_memory_win.cc(73)] ReadMemory at 0x2000a3f07b0 of 72 bytes failed: Only part of a ReadProcessMemory or WriteProcessMemory request was completed. (0x12B)
[0716/215819.963:WARNING:pe_image_annotations_reader.cc(134)] could not read annotations list object in C:\Program Files (x86)\Google\Chrome\Application\83.0.4103.97\chrome_elf.dll
[0716/215819.965:ERROR:process_memory_win.cc(73)] ReadMemory at 0x2000a245af0 of 72 bytes failed: Only part of a ReadProcessMemory or WriteProcessMemory request was completed. (0x12B)
[0716/215819.965:WARNING:pe_image_annotations_reader.cc(134)] could not read annotations list object in C:\Program Files (x86)\Google\Chrome\Application\83.0.4103.97\chrome.dll
[0716/215819.965:ERROR:process_memory_win.cc(73)] ReadMemory at 0x2000a740000 of 64 bytes failed: Only part of a ReadProcessMemory or WriteProcessMemory request was completed. (0x12B)
[0716/215819.965:WARNING:pe_image_reader.cc(340)] could not read dos header from C:\WINDOWS\System32\combase.dll
[0716/215820.001:ERROR:process_memory_win.cc(73)] ReadMemory at 0x30799e8000 of 98304 bytes failed: Only part of a ReadProcessMemory or WriteProcessMemory request was completed. (0x12B)
[0716/215820.002:ERROR:process_memory_win.cc(73)] ReadMemory at 0x307a1fd000 of 12288 bytes failed: Only part of a ReadProcessMemory or WriteProcessMemory request was completed. (0x12B)
[0716/215820.002:ERROR:process_memory_win.cc(73)] ReadMemory at 0x307a9f8000 of 32768 bytes failed: Only part of a ReadProcessMemory or WriteProcessMemory request was completed. (0x12B)
[0716/215820.002:ERROR:process_memory_win.cc(73)] ReadMemory at 0x307b1fc000 of 16384 bytes failed: Only part of a ReadProcessMemory or WriteProcessMemory request was completed. (0x12B)
[0716/215820.002:ERROR:process_memory_win.cc(73)] ReadMemory at 0x307b9fc000 of 16384 bytes failed: Only part of a ReadProcessMemory or WriteProcessMemory request was completed. (0x12B)
[0716/215820.003:ERROR:process_memory_win.cc(73)] ReadMemory at 0x307c1fe000 of 8192 bytes failed: Only part of a ReadProcessMemory or WriteProcessMemory request was completed. (0x12B)
[0716/215820.003:ERROR:process_memory_win.cc(73)] ReadMemory at 0x307c9fd000 of 12288 bytes failed: Only part of a ReadProcessMemory or WriteProcessMemory request was completed. (0x12B)
[0716/215820.003:ERROR:process_memory_win.cc(73)] ReadMemory at 0x307d1fb000 of 20480 bytes failed: Only part of a ReadProcessMemory or WriteProcessMemory request was completed. (0x12B)
[0716/215820.003:ERROR:process_memory_win.cc(73)] ReadMemory at 0x307d9fd000 of 12288 bytes failed: Only part of a ReadProcessMemory or WriteProcessMemory request was completed. (0x12B)
[0716/215820.004:ERROR:process_memory_win.cc(73)] ReadMemory at 0x307e1fd000 of 12288 bytes failed: Only part of a ReadProcessMemory or WriteProcessMemory request was completed. (0x12B)
[0716/215820.004:ERROR:process_memory_win.cc(73)] ReadMemory at 0x307e9f6000 of 40960 bytes failed: Only part of a ReadProcessMemory or WriteProcessMemory request was completed. (0x12B)
[0716/215820.004:ERROR:process_memory_win.cc(73)] ReadMemory at 0x307f1f6000 of 40960 bytes failed: Only part of a ReadProcessMemory or WriteProcessMemory request was completed. (0x12B)
[0716/215820.004:ERROR:process_memory_win.cc(73)] ReadMemory at 0x307f9fc000 of 16384 bytes failed: Only part of a ReadProcessMemory or WriteProcessMemory request was completed. (0x12B)
[0716/215820.004:ERROR:process_memory_win.cc(73)] ReadMemory at 0x30007f7000 of 36864 bytes failed: Only part of a ReadProcessMemory or WriteProcessMemory request was completed. (0x12B)
[0716/215820.004:ERROR:process_memory_win.cc(73)] ReadMemory at 0x3000ff7000 of 36864 bytes failed: Only part of a ReadProcessMemory or WriteProcessMemory request was completed. (0x12B)
[0716/215820.005:ERROR:process_memory_win.cc(73)] ReadMemory at 0x307902f000 of 852 bytes failed: Only part of a ReadProcessMemory or WriteProcessMemory request was completed. (0x12B)
[0716/215820.005:ERROR:process_memory_win.cc(73)] ReadMemory at 0x3079030000 of 6024 bytes failed: Only part of a ReadProcessMemory or WriteProcessMemory request was completed. (0x12B)
[0716/215820.005:ERROR:process_memory_win.cc(73)] ReadMemory at 0x3079032000 of 6024 bytes failed: Only part of a ReadProcessMemory or WriteProcessMemory request was completed. (0x12B)
[0716/215820.005:ERROR:process_memory_win.cc(73)] ReadMemory at 0x3079034000 of 6024 bytes failed: Only part of a ReadProcessMemory or WriteProcessMemory request was completed. (0x12B)
[0716/215820.005:ERROR:process_memory_win.cc(73)] ReadMemory at 0x3079036000 of 6024 bytes failed: Only part of a ReadProcessMemory or WriteProcessMemory request was completed. (0x12B)
[0716/215820.005:ERROR:process_memory_win.cc(73)] ReadMemory at 0x3079038000 of 6024 bytes failed: Only part of a ReadProcessMemory or WriteProcessMemory request was completed. (0x12B)
[0716/215820.005:ERROR:process_memory_win.cc(73)] ReadMemory at 0x307903a000 of 6024 bytes failed: Only part of a ReadProcessMemory or WriteProcessMemory request was completed. (0x12B)
[0716/215820.005:ERROR:process_memory_win.cc(73)] ReadMemory at 0x307903c000 of 6024 bytes failed: Only part of a ReadProcessMemory or WriteProcessMemory request was completed. (0x12B)
[0716/215820.006:ERROR:process_memory_win.cc(73)] ReadMemory at 0x307903e000 of 6024 bytes failed: Only part of a ReadProcessMemory or WriteProcessMemory request was completed. (0x12B)
[0716/215820.006:ERROR:process_memory_win.cc(73)] ReadMemory at 0x3079040000 of 6024 bytes failed: Only part of a ReadProcessMemory or WriteProcessMemory request was completed. (0x12B)
[0716/215820.006:ERROR:process_memory_win.cc(73)] ReadMemory at 0x3079042000 of 6024 bytes failed: Only part of a ReadProcessMemory or WriteProcessMemory request was completed. (0x12B)
[0716/215820.006:ERROR:process_memory_win.cc(73)] ReadMemory at 0x3079044000 of 6024 bytes failed: Only part of a ReadProcessMemory or WriteProcessMemory request was completed. (0x12B)
[0716/215820.006:ERROR:process_memory_win.cc(73)] ReadMemory at 0x3079046000 of 6024 bytes failed: Only part of a ReadProcessMemory or WriteProcessMemory request was completed. (0x12B)
[0716/215820.006:ERROR:process_memory_win.cc(73)] ReadMemory at 0x3079048000 of 6024 bytes failed: Only part of a ReadProcessMemory or WriteProcessMemory request was completed. (0x12B)
[0716/215820.006:ERROR:process_memory_win.cc(73)] ReadMemory at 0x307904a000 of 6024 bytes failed: Only part of a ReadProcessMemory or WriteProcessMemory request was completed. (0x12B)
[0716/215820.006:ERROR:process_memory_win.cc(73)] ReadMemory at 0x307904c000 of 6024 bytes failed: Only part of a ReadProcessMemory or WriteProcessMemory request was completed. (0x12B)
[0716/215820.007:ERROR:process_memory_win.cc(73)] ReadMemory at 0x2000a020750 of 80 bytes failed: Only part of a ReadProcessMemory or WriteProcessMemory request was completed. (0x12B)
[0716/215820.007:ERROR:process_memory_win.cc(73)] ReadMemory at 0x2000a020fe0 of 4740 bytes failed: Only part of a ReadProcessMemory or WriteProcessMemory request was completed. (0x12B)
[0716/215820.007:ERROR:process_memory_win.cc(73)] ReadMemory at 0x2000a022270 of 1012 bytes failed: Only part of a ReadProcessMemory or WriteProcessMemory request was completed. (0x12B)
[0716/215820.007:ERROR:process_memory_win.cc(73)] ReadMemory at 0x2000a0228b8 of 118 bytes failed: Only part of a ReadProcessMemory or WriteProcessMemory request was completed. (0x12B)
[0716/215820.007:ERROR:process_memory_win.cc(73)] ReadMemory at 0x2000a022930 of 1256 bytes failed: Only part of a ReadProcessMemory or WriteProcessMemory request was completed. (0x12B)
[0716/215820.007:ERROR:process_memory_win.cc(73)] ReadMemory at 0x2000a022e1a of 118 bytes failed: Only part of a ReadProcessMemory or WriteProcessMemory request was completed. (0x12B)
[0716/215820.007:ERROR:process_memory_win.cc(73)] ReadMemory at 0x2000a022e92 of 100 bytes failed: Only part of a ReadProcessMemory or WriteProcessMemory request was completed. (0x12B)
[0716/215820.008:ERROR:process_memory_win.cc(73)] ReadMemory at 0x2000a022f10 of 58 bytes failed: Only part of a ReadProcessMemory or WriteProcessMemory request was completed. (0x12B)
[0716/215820.008:ERROR:process_memory_win.cc(73)] ReadMemory at 0x2000a023010 of 132 bytes failed: Only part of a ReadProcessMemory or WriteProcessMemory request was completed. (0x12B)
[0716/215820.008:ERROR:process_memory_win.cc(73)] ReadMemory at 0x2000a0231a0 of 132 bytes failed: Only part of a ReadProcessMemory or WriteProcessMemory request was completed. (0x12B)
[0716/215820.008:ERROR:process_memory_win.cc(73)] ReadMemory at 0x2000a023360 of 124 bytes failed: Only part of a ReadProcessMemory or WriteProcessMemory request was completed. (0x12B)
[0716/215820.008:ERROR:process_memory_win.cc(73)] ReadMemory at 0x2000a023740 of 132 bytes failed: Only part of a ReadProcessMemory or WriteProcessMemory request was completed. (0x12B)
[0716/215820.008:ERROR:process_memory_win.cc(73)] ReadMemory at 0x2000a0238d0 of 64 bytes failed: Only part of a ReadProcessMemory or WriteProcessMemory request was completed. (0x12B)
[0716/215820.008:ERROR:process_memory_win.cc(73)] ReadMemory at 0x2000a023a90 of 132 bytes failed: Only part of a ReadProcessMemory or WriteProcessMemory request was completed. (0x12B)
[0716/215820.008:ERROR:process_memory_win.cc(73)] ReadMemory at 0x2000a023d30 of 132 bytes failed: Only part of a ReadProcessMemory or WriteProcessMemory request was completed. (0x12B)
[0716/215820.008:ERROR:process_memory_win.cc(73)] ReadMemory at 0x2000a023ec0 of 68 bytes failed: Only part of a ReadProcessMemory or WriteProcessMemory request was completed. (0x12B)
[0716/215820.009:ERROR:process_memory_win.cc(73)] ReadMemory at 0x2000a0250b0 of 132 bytes failed: Only part of a ReadProcessMemory or WriteProcessMemory request was completed. (0x12B)
[0716/215820.009:ERROR:process_memory_win.cc(73)] ReadMemory at 0x2000a025240 of 152 bytes failed: Only part of a ReadProcessMemory or WriteProcessMemory request was completed. (0x12B)
[0716/215820.009:ERROR:process_memory_win.cc(73)] ReadMemory at 0x2000a025f50 of 132 bytes failed: Only part of a ReadProcessMemory or WriteProcessMemory request was completed. (0x12B)
[0716/215820.009:ERROR:process_memory_win.cc(73)] ReadMemory at 0x2000a026350 of 132 bytes failed: Only part of a ReadProcessMemory or WriteProcessMemory request was completed. (0x12B)
[0716/215820.009:ERROR:process_memory_win.cc(73)] ReadMemory at 0x2000a026cf0 of 62 bytes failed: Only part of a ReadProcessMemory or WriteProcessMemory request was completed. (0x12B)
[0716/215820.009:ERROR:process_memory_win.cc(73)] ReadMemory at 0x2000a026d40 of 132 bytes failed: Only part of a ReadProcessMemory or WriteProcessMemory request was completed. (0x12B)
[0716/215820.009:ERROR:process_memory_win.cc(73)] ReadMemory at 0x2000a026ee0 of 60 bytes failed: Only part of a ReadProcessMemory or WriteProcessMemory request was completed. (0x12B)
[0716/215820.010:ERROR:process_memory_win.cc(73)] ReadMemory at 0x2000a02703a of 512 bytes failed: Only part of a ReadProcessMemory or WriteProcessMemory request was completed. (0x12B)
[0716/215820.010:ERROR:process_memory_win.cc(73)] ReadMemory at 0x2000a028690 of 144 bytes failed: Only part of a ReadProcessMemory or WriteProcessMemory request was completed. (0x12B)
[0716/215820.010:ERROR:process_memory_win.cc(73)] ReadMemory at 0x2000a028760 of 132 bytes failed: Only part of a ReadProcessMemory or WriteProcessMemory request was completed. (0x12B)
[0716/215820.011:ERROR:process_memory_win.cc(73)] ReadMemory at 0x2000a02b750 of 62 bytes failed: Only part of a ReadProcessMemory or WriteProcessMemory request was completed. (0x12B)
[0716/215820.012:ERROR:process_memory_win.cc(73)] ReadMemory at 0x2000a02b890 of 66 bytes failed: Only part of a ReadProcessMemory or WriteProcessMemory request was completed. (0x12B)
[0716/215820.012:ERROR:process_memory_win.cc(73)] ReadMemory at 0x2000a02b8e0 of 64 bytes failed: Only part of a ReadProcessMemory or WriteProcessMemory request was completed. (0x12B)
[0716/215820.012:ERROR:process_memory_win.cc(73)] ReadMemory at 0x2000a02b930 of 64 bytes failed: Only part of a ReadProcessMemory or WriteProcessMemory request was completed. (0x12B)
[0716/215820.012:ERROR:process_memory_win.cc(73)] ReadMemory at 0x2000a02ba20 of 64 bytes failed: Only part of a ReadProcessMemory or WriteProcessMemory request was completed. (0x12B)
[0716/215820.013:ERROR:process_memory_win.cc(73)] ReadMemory at 0x2000a02ba70 of 62 bytes failed: Only part of a ReadProcessMemory or WriteProcessMemory request was completed. (0x12B)
[0716/215820.013:ERROR:process_memory_win.cc(73)] ReadMemory at 0x2000a02bac0 of 60 bytes failed: Only part of a ReadProcessMemory or WriteProcessMemory request was completed. (0x12B)
[0716/215820.013:ERROR:process_memory_win.cc(73)] ReadMemory at 0x2000a02bca0 of 60 bytes failed: Only part of a ReadProcessMemory or WriteProcessMemory request was completed. (0x12B)
[0716/215820.013:ERROR:process_memory_win.cc(73)] ReadMemory at 0x2000a02bd90 of 64 bytes failed: Only part of a ReadProcessMemory or WriteProcessMemory request was completed. (0x12B)
[0716/215820.014:ERROR:process_memory_win.cc(73)] ReadMemory at 0x2000a02c050 of 132 bytes failed: Only part of a ReadProcessMemory or WriteProcessMemory request was completed. (0x12B)
[0716/215820.014:ERROR:process_memory_win.cc(73)] ReadMemory at 0x2000a02ca70 of 132 bytes failed: Only part of a ReadProcessMemory or WriteProcessMemory request was completed. (0x12B)
[0716/215820.014:ERROR:process_memory_win.cc(73)] ReadMemory at 0x2000a02cdd0 of 62 bytes failed: Only part of a ReadProcessMemory or WriteProcessMemory request was completed. (0x12B)
[0716/215820.014:ERROR:process_memory_win.cc(73)] ReadMemory at 0x2000a02ce20 of 62 bytes failed: Only part of a ReadProcessMemory or WriteProcessMemory request was completed. (0x12B)
[0716/215820.014:ERROR:process_memory_win.cc(73)] ReadMemory at 0x2000a02d2d0 of 66 bytes failed: Only part of a ReadProcessMemory or WriteProcessMemory request was completed. (0x12B)
[0716/215820.014:ERROR:process_memory_win.cc(73)] ReadMemory at 0x2000a02d410 of 58 bytes failed: Only part of a ReadProcessMemory or WriteProcessMemory request was completed. (0x12B)
[0716/215820.014:ERROR:process_memory_win.cc(73)] ReadMemory at 0x2000a02d5a0 of 60 bytes failed: Only part of a ReadProcessMemory or WriteProcessMemory request was completed. (0x12B)
[0716/215820.015:ERROR:process_memory_win.cc(73)] ReadMemory at 0x2000a02d5f0 of 58 bytes failed: Only part of a ReadProcessMemory or WriteProcessMemory request was completed. (0x12B)
[0716/215820.015:ERROR:process_memory_win.cc(73)] ReadMemory at 0x2000a02d640 of 58 bytes failed: Only part of a ReadProcessMemory or WriteProcessMemory request was completed. (0x12B)
[0716/215820.015:ERROR:process_memory_win.cc(73)] ReadMemory at 0x2000a02d690 of 60 bytes failed: Only part of a ReadProcessMemory or WriteProcessMemory request was completed. (0x12B)
[0716/215820.015:ERROR:process_memory_win.cc(73)] ReadMemory at 0x2000a02f2f0 of 132 bytes failed: Only part of a ReadProcessMemory or WriteProcessMemory request was completed. (0x12B)
[0716/215820.015:ERROR:process_memory_win.cc(73)] ReadMemory at 0x2000a02fcc0 of 54 bytes failed: Only part of a ReadProcessMemory or WriteProcessMemory request was completed. (0x12B)
[0716/215820.016:ERROR:process_memory_win.cc(73)] ReadMemory at 0x2000a030740 of 132 bytes failed: Only part of a ReadProcessMemory or WriteProcessMemory request was completed. (0x12B)
[0716/215820.016:ERROR:process_memory_win.cc(73)] ReadMemory at 0x2000a030a90 of 132 bytes failed: Only part of a ReadProcessMemory or WriteProcessMemory request was completed. (0x12B)
[0716/215820.016:ERROR:process_memory_win.cc(73)] ReadMemory at 0x2000a030bc0 of 132 bytes failed: Only part of a ReadProcessMemory or WriteProcessMemory request was completed. (0x12B)
[0716/215820.017:ERROR:process_memory_win.cc(73)] ReadMemory at 0x2000a030de0 of 132 bytes failed: Only part of a ReadProcessMemory or WriteProcessMemory request was completed. (0x12B)
[0716/215820.017:ERROR:process_memory_win.cc(73)] ReadMemory at 0x2000a034210 of 132 bytes failed: Only part of a ReadProcessMemory or WriteProcessMemory request was completed. (0x12B)
[0716/215820.017:ERROR:process_memory_win.cc(73)] ReadMemory at 0x2000a034340 of 132 bytes failed: Only part of a ReadProcessMemory or WriteProcessMemory request was completed. (0x12B)
[0716/215820.017:ERROR:process_memory_win.cc(73)] ReadMemory at 0x2000a034470 of 132 bytes failed: Only part of a ReadProcessMemory or WriteProcessMemory request was completed. (0x12B)
[0716/215820.017:ERROR:process_memory_win.cc(73)] ReadMemory at 0x2000a0345a0 of 132 bytes failed: Only part of a ReadProcessMemory or WriteProcessMemory request was completed. (0x12B)
[0716/215820.017:ERROR:process_memory_win.cc(73)] ReadMemory at 0x2000a0346d0 of 132 bytes failed: Only part of a ReadProcessMemory or WriteProcessMemory request was completed. (0x12B)
[0716/215820.017:ERROR:process_memory_win.cc(73)] ReadMemory at 0x2000a034800 of 132 bytes failed: Only part of a ReadProcessMemory or WriteProcessMemory request was completed. (0x12B)
[0716/215820.017:ERROR:process_memory_win.cc(73)] ReadMemory at 0x2000a034930 of 132 bytes failed: Only part of a ReadProcessMemory or WriteProcessMemory request was completed. (0x12B)
[0716/215820.017:ERROR:process_memory_win.cc(73)] ReadMemory at 0x2000a034a60 of 132 bytes failed: Only part of a ReadProcessMemory or WriteProcessMemory request was completed. (0x12B)
[0716/215820.017:ERROR:process_memory_win.cc(73)] ReadMemory at 0x2000a034b90 of 132 bytes failed: Only part of a ReadProcessMemory or WriteProcessMemory request was completed. (0x12B)
[0716/215820.017:ERROR:process_memory_win.cc(73)] ReadMemory at 0x2000a034cc0 of 132 bytes failed: Only part of a ReadProcessMemory or WriteProcessMemory request was completed. (0x12B)
[0716/215820.017:ERROR:process_memory_win.cc(73)] ReadMemory at 0x2000a034df0 of 132 bytes failed: Only part of a ReadProcessMemory or WriteProcessMemory request was completed. (0x12B)
[0716/215820.017:ERROR:process_memory_win.cc(73)] ReadMemory at 0x2000a034f20 of 132 bytes failed: Only part of a ReadProcessMemory or WriteProcessMemory request was completed. (0x12B)
[0716/215820.017:ERROR:process_memory_win.cc(73)] ReadMemory at 0x2000a035ef0 of 80 bytes failed: Only part of a ReadProcessMemory or WriteProcessMemory request was completed. (0x12B)
[0716/215820.017:ERROR:process_memory_win.cc(73)] ReadMemory at 0x2000a036130 of 76 bytes failed: Only part of a ReadProcessMemory or WriteProcessMemory request was completed. (0x12B)
[0716/215820.017:ERROR:process_memory_win.cc(73)] ReadMemory at 0x2000a036430 of 78 bytes failed: Only part of a ReadProcessMemory or WriteProcessMemory request was completed. (0x12B)
[0716/215820.017:ERROR:process_memory_win.cc(73)] ReadMemory at 0x2000a036590 of 64 bytes failed: Only part of a ReadProcessMemory or WriteProcessMemory request was completed. (0x12B)
[0716/215820.017:ERROR:process_memory_win.cc(73)] ReadMemory at 0x2000a036630 of 62 bytes failed: Only part of a ReadProcessMemory or WriteProcessMemory request was completed. (0x12B)
[0716/215820.017:ERROR:process_memory_win.cc(73)] ReadMemory at 0x2000a036810 of 62 bytes failed: Only part of a ReadProcessMemory or WriteProcessMemory request was completed. (0x12B)
[0716/215820.018:ERROR:process_memory_win.cc(73)] ReadMemory at 0x2000a036860 of 64 bytes failed: Only part of a ReadProcessMemory or WriteProcessMemory request was completed. (0x12B)
[0716/215820.018:ERROR:process_memory_win.cc(73)] ReadMemory at 0x2000a0368b0 of 66 bytes failed: Only part of a ReadProcessMemory or WriteProcessMemory request was completed. (0x12B)
[0716/215820.018:ERROR:process_memory_win.cc(73)] ReadMemory at 0x2000a036950 of 62 bytes failed: Only part of a ReadProcessMemory or WriteProcessMemory request was completed. (0x12B)
[0716/215820.018:ERROR:process_memory_win.cc(73)] ReadMemory at 0x2000a0369a0 of 62 bytes failed: Only part of a ReadProcessMemory or WriteProcessMemory request was completed. (0x12B)
[0716/215820.018:ERROR:process_memory_win.cc(73)] ReadMemory at 0x2000a0369f0 of 62 bytes failed: Only part of a ReadProcessMemory or WriteProcessMemory request was completed. (0x12B)
[0716/215820.018:ERROR:process_memory_win.cc(73)] ReadMemory at 0x2000a036b30 of 60 bytes failed: Only part of a ReadProcessMemory or WriteProcessMemory request was completed. (0x12B)
[0716/215820.018:ERROR:process_memory_win.cc(73)] ReadMemory at 0x2000a036c70 of 64 bytes failed: Only part of a ReadProcessMemory or WriteProcessMemory request was completed. (0x12B)
[0716/215820.018:ERROR:process_memory_win.cc(73)] ReadMemory at 0x2000a036d10 of 60 bytes failed: Only part of a ReadProcessMemory or WriteProcessMemory request was completed. (0x12B)
[0716/215820.018:ERROR:process_memory_win.cc(73)] ReadMemory at 0x2000a036ef0 of 62 bytes failed: Only part of a ReadProcessMemory or WriteProcessMemory request was completed. (0x12B)
[0716/215820.019:ERROR:process_memory_win.cc(73)] ReadMemory at 0x2000a037030 of 64 bytes failed: Only part of a ReadProcessMemory or WriteProcessMemory request was completed. (0x12B)
[0716/215820.019:ERROR:process_memory_win.cc(73)] ReadMemory at 0x2000a037080 of 62 bytes failed: Only part of a ReadProcessMemory or WriteProcessMemory request was completed. (0x12B)
[0716/215820.019:ERROR:process_memory_win.cc(73)] ReadMemory at 0x2000a037120 of 58 bytes failed: Only part of a ReadProcessMemory or WriteProcessMemory request was completed. (0x12B)
[0716/215820.019:ERROR:process_memory_win.cc(73)] ReadMemory at 0x2000a037170 of 62 bytes failed: Only part of a ReadProcessMemory or WriteProcessMemory request was completed. (0x12B)
[0716/215820.019:ERROR:process_memory_win.cc(73)] ReadMemory at 0x2000a0371c0 of 64 bytes failed: Only part of a ReadProcessMemory or WriteProcessMemory request was completed. (0x12B)
[0716/215820.020:ERROR:process_memory_win.cc(73)] ReadMemory at 0x2000a0373a0 of 60 bytes failed: Only part of a ReadProcessMemory or WriteProcessMemory request was completed. (0x12B)
[0716/215820.020:ERROR:process_memory_win.cc(73)] ReadMemory at 0x2000a0373f0 of 62 bytes failed: Only part of a ReadProcessMemory or WriteProcessMemory request was completed. (0x12B)
[0716/215820.020:ERROR:process_memory_win.cc(73)] ReadMemory at 0x2000a037440 of 60 bytes failed: Only part of a ReadProcessMemory or WriteProcessMemory request was completed. (0x12B)
[0716/215820.020:ERROR:process_memory_win.cc(73)] ReadMemory at 0x2000a037d00 of 132 bytes failed: Only part of a ReadProcessMemory or WriteProcessMemory request was completed. (0x12B)
[0716/215820.020:ERROR:process_memory_win.cc(73)] ReadMemory at 0x2000a037e30 of 132 bytes failed: Only part of a ReadProcessMemory or WriteProcessMemory request was completed. (0x12B)
[0716/215820.020:ERROR:process_memory_win.cc(73)] ReadMemory at 0x2000a037f60 of 132 bytes failed: Only part of a ReadProcessMemory or WriteProcessMemory request was completed. (0x12B)
[0716/215820.020:ERROR:process_memory_win.cc(73)] ReadMemory at 0x2000a038090 of 132 bytes failed: Only part of a ReadProcessMemory or WriteProcessMemory request was completed. (0x12B)
[0716/215820.020:ERROR:process_memory_win.cc(73)] ReadMemory at 0x2000a0381c0 of 132 bytes failed: Only part of a ReadProcessMemory or WriteProcessMemory request was completed. (0x12B)
[0716/215820.021:ERROR:process_memory_win.cc(73)] ReadMemory at 0x2000a038550 of 132 bytes failed: Only part of a ReadProcessMemory or WriteProcessMemory request was completed. (0x12B)
[0716/215820.021:ERROR:process_memory_win.cc(73)] ReadMemory at 0x2000a0387b0 of 132 bytes failed: Only part of a ReadProcessMemory or WriteProcessMemory request was completed. (0x12B)
[0716/215820.021:ERROR:process_memory_win.cc(73)] ReadMemory at 0x2000a0388e0 of 132 bytes failed: Only part of a ReadProcessMemory or WriteProcessMemory request was completed. (0x12B)
[0716/215820.021:ERROR:process_memory_win.cc(73)] ReadMemory at 0x2000a038a10 of 132 bytes failed: Only part of a ReadProcessMemory or WriteProcessMemory request was completed. (0x12B)
[0716/215820.021:ERROR:process_memory_win.cc(73)] ReadMemory at 0x2000a038b40 of 132 bytes failed: Only part of a ReadProcessMemory or WriteProcessMemory request was completed. (0x12B)
[0716/215820.021:ERROR:process_memory_win.cc(73)] ReadMemory at 0x2000a038c70 of 132 bytes failed: Only part of a ReadProcessMemory or WriteProcessMemory request was completed. (0x12B)
[0716/215820.021:ERROR:process_memory_win.cc(73)] ReadMemory at 0x2000a038ed0 of 132 bytes failed: Only part of a ReadProcessMemory or WriteProcessMemory request was completed. (0x12B)
[0716/215820.021:ERROR:process_memory_win.cc(73)] ReadMemory at 0x2000a039000 of 132 bytes failed: Only part of a ReadProcessMemory or WriteProcessMemory request was completed. (0x12B)
[0716/215820.021:ERROR:process_memory_win.cc(73)] ReadMemory at 0x2000a039130 of 132 bytes failed: Only part of a ReadProcessMemory or WriteProcessMemory request was completed. (0x12B)
[0716/215820.021:ERROR:process_memory_win.cc(73)] ReadMemory at 0x2000a039390 of 132 bytes failed: Only part of a ReadProcessMemory or WriteProcessMemory request was completed. (0x12B)
[0716/215820.022:ERROR:process_memory_win.cc(73)] ReadMemory at 0x2000a0394c0 of 132 bytes failed: Only part of a ReadProcessMemory or WriteProcessMemory request was completed. (0x12B)
[0716/215820.022:ERROR:process_memory_win.cc(73)] ReadMemory at 0x2000a0395f0 of 132 bytes failed: Only part of a ReadProcessMemory or WriteProcessMemory request was completed. (0x12B)
[0716/215820.022:ERROR:process_memory_win.cc(73)] ReadMemory at 0x2000a039720 of 132 bytes failed: Only part of a ReadProcessMemory or WriteProcessMemory request was completed. (0x12B)
[0716/215820.022:ERROR:process_memory_win.cc(73)] ReadMemory at 0x2000a039850 of 132 bytes failed: Only part of a ReadProcessMemory or WriteProcessMemory request was completed. (0x12B)
[0716/215820.022:ERROR:process_memory_win.cc(73)] ReadMemory at 0x2000a039980 of 132 bytes failed: Only part of a ReadProcessMemory or WriteProcessMemory request was completed. (0x12B)
[0716/215820.022:ERROR:process_memory_win.cc(73)] ReadMemory at 0x2000a039ab0 of 132 bytes failed: Only part of a ReadProcessMemory or WriteProcessMemory request was completed. (0x12B)
[0716/215820.023:ERROR:process_memory_win.cc(73)] ReadMemory at 0x2000a0572c0 of 512 bytes failed: Only part of a ReadProcessMemory or WriteProcessMemory request was completed. (0x12B)
[0716/215820.023:ERROR:process_memory_win.cc(73)] ReadMemory at 0x2000a058230 of 512 bytes failed: Only part of a ReadProcessMemory or WriteProcessMemory request was completed. (0x12B)
[0716/215820.023:ERROR:process_memory_win.cc(73)] ReadMemory at 0x2000a140dc0 of 512 bytes failed: Only part of a ReadProcessMemory or WriteProcessMemory request was completed. (0x12B)
[0716/215820.023:ERROR:process_memory_win.cc(73)] ReadMemory at 0x2000a240000 of 384 bytes failed: Only part of a ReadProcessMemory or WriteProcessMemory request was completed. (0x12B)
[0716/215820.023:ERROR:process_memory_win.cc(73)] ReadMemory at 0x2000a276590 of 512 bytes failed: Only part of a ReadProcessMemory or WriteProcessMemory request was completed. (0x12B)
[0716/215820.023:ERROR:process_memory_win.cc(73)] ReadMemory at 0x2000a27f0b0 of 512 bytes failed: Only part of a ReadProcessMemory or WriteProcessMemory request was completed. (0x12B)
[0716/215820.024:ERROR:process_memory_win.cc(73)] ReadMemory at 0x2000a29d090 of 712 bytes failed: Only part of a ReadProcessMemory or WriteProcessMemory request was completed. (0x12B)
[0716/215820.024:ERROR:process_memory_win.cc(73)] ReadMemory at 0x2000a2a3810 of 512 bytes failed: Only part of a ReadProcessMemory or WriteProcessMemory request was completed. (0x12B)
[0716/215820.024:ERROR:process_memory_win.cc(73)] ReadMemory at 0x2000a2be190 of 512 bytes failed: Only part of a ReadProcessMemory or WriteProcessMemory request was completed. (0x12B)
[0716/215820.024:ERROR:process_memory_win.cc(73)] ReadMemory at 0x2000a2d9280 of 512 bytes failed: Only part of a ReadProcessMemory or WriteProcessMemory request was completed. (0x12B)
[0716/215820.024:ERROR:process_memory_win.cc(73)] ReadMemory at 0x2000a2e2ae0 of 512 bytes failed: Only part of a ReadProcessMemory or WriteProcessMemory request was completed. (0x12B)
[0716/215820.024:ERROR:process_memory_win.cc(73)] ReadMemory at 0x2000c2b5478 of 512 bytes failed: Only part of a ReadProcessMemory or WriteProcessMemory request was completed. (0x12B)
[0716/215820.024:ERROR:process_memory_win.cc(73)] ReadMemory at 0x2000c721340 of 512 bytes failed: Only part of a ReadProcessMemory or WriteProcessMemory request was completed. (0x12B)
[0716/215820.024:ERROR:process_memory_win.cc(73)] ReadMemory at 0x2000f1e2230 of 512 bytes failed: Only part of a ReadProcessMemory or WriteProcessMemory request was completed. (0x12B)
[0716/215820.025:ERROR:process_memory_win.cc(73)] ReadMemory at 0x2000f2b7fe8 of 512 bytes failed: Only part of a ReadProcessMemory or WriteProcessMemory request was completed. (0x12B)
[0716/215820.025:ERROR:process_memory_win.cc(73)] ReadMemory at 0x2000f2d7e00 of 512 bytes failed: Only part of a ReadProcessMemory or WriteProcessMemory request was completed. (0x12B)
[0716/215820.025:ERROR:process_memory_win.cc(73)] ReadMemory at 0x47ad00000000 of 384 bytes failed: Only part of a ReadProcessMemory or WriteProcessMemory request was completed. (0x12B)
[0716/215820.025:ERROR:process_memory_win.cc(73)] ReadMemory at 0x47ad0804028d of 512 bytes failed: Only part of a ReadProcessMemory or WriteProcessMemory request was completed. (0x12B)
[0716/215820.025:ERROR:process_memory_win.cc(73)] ReadMemory at 0x47ad081a66dd of 512 bytes failed: Only part of a ReadProcessMemory or WriteProcessMemory request was completed. (0x12B)
[0716/215820.025:ERROR:process_memory_win.cc(73)] ReadMemory at 0x47ad08241685 of 512 bytes failed: Only part of a ReadProcessMemory or WriteProcessMemory request was completed. (0x12B)
[0716/215820.026:ERROR:process_memory_win.cc(73)] ReadMemory at 0x47ad0840fc78 of 512 bytes failed: Only part of a ReadProcessMemory or WriteProcessMemory request was completed. (0x12B)
[0716/215820.026:ERROR:process_memory_win.cc(73)] ReadMemory at 0x47ad08a1f2d5 of 512 bytes failed: Only part of a ReadProcessMemory or WriteProcessMemory request was completed. (0x12B)
[0716/215820.026:ERROR:process_memory_win.cc(73)] ReadMemory at 0x47ad08eedf64 of 512 bytes failed: Only part of a ReadProcessMemory or WriteProcessMemory request was completed. (0x12B)
[0716/215820.026:ERROR:process_memory_win.cc(73)] ReadMemory at 0x47ad08f02f60 of 512 bytes failed: Only part of a ReadProcessMemory or WriteProcessMemory request was completed. (0x12B)
[0716/215820.026:ERROR:process_memory_win.cc(73)] ReadMemory at 0x7ffcd3737d4b of 512 bytes failed: Only part of a ReadProcessMemory or WriteProcessMemory request was completed. (0x12B)
[0716/215820.026:ERROR:process_memory_win.cc(73)] ReadMemory at 0x7ffcd53b7df6 of 512 bytes failed: Only part of a ReadProcessMemory or WriteProcessMemory request was completed. (0x12B)
[0716/215820.027:ERROR:process_memory_win.cc(73)] ReadMemory at 0x7ffcd53eba7c of 512 bytes failed: Only part of a ReadProcessMemory or WriteProcessMemory request was completed. (0x12B)
[0716/215820.027:ERROR:process_memory_win.cc(73)] ReadMemory at 0x7ffcd5bb033e of 512 bytes failed: Only part of a ReadProcessMemory or WriteProcessMemory request was completed. (0x12B)
[0716/215820.027:ERROR:process_memory_win.cc(73)] ReadMemory at 0x7ffcd6a21350 of 512 bytes failed: Only part of a ReadProcessMemory or WriteProcessMemory request was completed. (0x12B)
[0716/215820.027:ERROR:process_memory_win.cc(73)] ReadMemory at 0x7ffd0e0eb97e of 512 bytes failed: Only part of a ReadProcessMemory or WriteProcessMemory request was completed. (0x12B)
[0716/215820.027:ERROR:process_memory_win.cc(73)] ReadMemory at 0x7ffd32f7a719 of 512 bytes failed: Only part of a ReadProcessMemory or WriteProcessMemory request was completed. (0x12B)
[0716/215820.027:ERROR:process_memory_win.cc(73)] ReadMemory at 0x7ffd331ac6e0 of 512 bytes failed: Only part of a ReadProcessMemory or WriteProcessMemory request was completed. (0x12B)
[0716/215820.027:ERROR:process_memory_win.cc(73)] ReadMemory at 0x7ffd35ccc49e of 512 bytes failed: Only part of a ReadProcessMemory or WriteProcessMemory request was completed. (0x12B)
[0716/215820.028:ERROR:process_memory_win.cc(73)] ReadMemory at 0x7ffd35cdc074 of 672 bytes failed: Only part of a ReadProcessMemory or WriteProcessMemory request was completed. (0x12B)
[0716/215820.028:ERROR:process_memory_win.cc(73)] ReadMemory at 0x7ffd35cdc674 of 512 bytes failed: Only part of a ReadProcessMemory or WriteProcessMemory request was completed. (0x12B)
[0716/215820.028:ERROR:process_memory_win.cc(73)] ReadMemory at 0x7ffd35cdf924 of 608 bytes failed: Only part of a ReadProcessMemory or WriteProcessMemory request was completed. (0x12B)
[0716/215820.028:ERROR:process_memory_win.cc(73)] ReadMemory at 0x7ffd35d6c428 of 18 bytes failed: Only part of a ReadProcessMemory or WriteProcessMemory request was completed. (0x12B)
[0716/215820.028:ERROR:process_memory_win.cc(73)] ReadMemory at 0x7ffd35d9f4f8 of 40 bytes failed: Only part of a ReadProcessMemory or WriteProcessMemory request was completed. (0x12B)
[0716/215820.028:ERROR:process_memory_win.cc(73)] ReadMemory at 0x7ffd35d9f978 of 48 bytes failed: Only part of a ReadProcessMemory or WriteProcessMemory request was completed. (0x12B)
[0716/215820.029:ERROR:process_memory_win.cc(73)] ReadMemory at 0x7ffd35da53c0 of 64 bytes failed: Only part of a ReadProcessMemory or WriteProcessMemory request was completed. (0x12B)
[0716/215820.031:ERROR:scoped_process_suspend.cc(40)] NtResumeProcess: An attempt was made to access an exiting process. (0xc000010a)
